INFO  12:02:33 Application started. Press Ctrl+C to shut down.
INFO  12:02:33 Hosting environment: Development
INFO  12:02:33 Content root path: C:\Users\deepa\Desktop\New folder\ClaimAuthService
INFO  12:02:56 Get BillingAmount by Id accessed
INFO  12:07:57 Application started. Press Ctrl+C to shut down.
INFO  12:07:57 Hosting environment: Development
INFO  12:07:57 Content root path: C:\Users\deepa\Desktop\New folder\ClaimAuthService
INFO  12:08:14 Get BillingAmount by Id accessed
INFO  12:09:09 Application started. Press Ctrl+C to shut down.
INFO  12:09:09 Hosting environment: Development
INFO  12:09:09 Content root path: C:\Users\deepa\Desktop\New folder\ClaimAuthService
INFO  12:09:26 Get BillingAmount by Id accessed
INFO  12:12:37 Application started. Press Ctrl+C to shut down.
INFO  12:12:37 Hosting environment: Development
INFO  12:12:37 Content root path: C:\Users\deepa\Desktop\New folder\ClaimAuthService
INFO  12:12:58 Get BillingAmount by Id accessed
INFO  12:13:12 Get BillingAmount by Id accessed
INFO  12:13:16 Get BillingAmount by Id accessed
INFO  12:16:03 Application started. Press Ctrl+C to shut down.
INFO  12:16:03 Hosting environment: Development
INFO  12:16:03 Content root path: C:\Users\deepa\Desktop\New folder\ClaimAuthService
INFO  12:16:23 Get BillingAmount by Id accessed
INFO  12:16:39 Get BillingAmount by Id accessed
INFO  10:09:34 Application started. Press Ctrl+C to shut down.
INFO  10:09:34 Hosting environment: Development
INFO  10:09:34 Content root path: C:\Users\deepa\Desktop\New folder\ClaimAuthService
INFO  10:09:54 Get BillingAmount by Id accessed
INFO  10:16:00 Application started. Press Ctrl+C to shut down.
INFO  10:16:00 Hosting environment: Development
INFO  10:16:00 Content root path: C:\Users\deepa\Desktop\New folder\ClaimAuthService
INFO  10:16:19 Get BillingAmount by Id accessed
INFO  10:16:20 Wrong Id
INFO  10:16:42 Get BillingAmount by Id accessed
INFO  03:03:43 Application started. Press Ctrl+C to shut down.
INFO  03:03:43 Hosting environment: Development
INFO  03:03:43 Content root path: C:\Users\deepa\Desktop\New folder\ClaimAuthService
INFO  03:24:14 Application started. Press Ctrl+C to shut down.
INFO  03:24:14 Hosting environment: Development
INFO  03:24:14 Content root path: C:\Users\deepa\Desktop\New folder\ClaimAuthService
INFO  03:30:52 Application started. Press Ctrl+C to shut down.
INFO  03:30:52 Hosting environment: Development
INFO  03:30:52 Content root path: C:\Users\deepa\Desktop\New folder\ClaimAuthService
INFO  03:31:44 Application started. Press Ctrl+C to shut down.
INFO  03:31:44 Hosting environment: Development
INFO  03:31:44 Content root path: C:\Users\deepa\Desktop\New folder\ClaimAuthService
INFO  03:31:57 Get BillingAmount by Id accessed
INFO  08:06:56 Application started. Press Ctrl+C to shut down.
INFO  08:06:56 Application started. Press Ctrl+C to shut down.
INFO  08:06:56 Hosting environment: Development
INFO  08:06:56 Hosting environment: Development
INFO  08:06:56 Content root path: C:\Users\deepa\Desktop\New folder\ClaimAuthService
INFO  08:06:56 Content root path: C:\Users\deepa\Desktop\New folder\ClaimAuthService
INFO  11:27:24 Application started. Press Ctrl+C to shut down.
INFO  11:27:24 Application started. Press Ctrl+C to shut down.
INFO  11:27:24 Hosting environment: Development
INFO  11:27:24 Hosting environment: Development
INFO  11:27:24 Content root path: C:\Users\deepa\Desktop\New folder\ClaimAuthService
INFO  11:27:24 Content root path: C:\Users\deepa\Desktop\New folder\ClaimAuthService
INFO  11:45:50 Application started. Press Ctrl+C to shut down.
INFO  11:45:50 Application started. Press Ctrl+C to shut down.
INFO  11:45:50 Hosting environment: Development
INFO  11:45:50 Hosting environment: Development
INFO  11:45:50 Content root path: C:\Users\deepa\Desktop\New folder\ClaimAuthService
INFO  11:45:50 Content root path: C:\Users\deepa\Desktop\New folder\ClaimAuthService
INFO  11:46:18 Get BillingAmount by Id accessed
INFO  11:46:19 Wrong Id
INFO  11:49:37 Get BillingAmount by Id accessed
INFO  11:49:37 Wrong Id
INFO  08:44:35 Application started. Press Ctrl+C to shut down.
INFO  08:44:35 Application started. Press Ctrl+C to shut down.
INFO  08:44:35 Hosting environment: Development
INFO  08:44:35 Hosting environment: Development
INFO  08:44:35 Content root path: C:\Users\deepa\Desktop\New folder\ClaimAuthService
INFO  08:44:35 Content root path: C:\Users\deepa\Desktop\New folder\ClaimAuthService
INFO  08:44:53 Get BillingAmount by Id accessed
INFO  10:22:24 Get BillingAmount by Id accessed
INFO  10:22:24 Wrong Id
INFO  10:55:50 Get BillingAmount by Id accessed
INFO  11:03:34 Get BillingAmount by Id accessed
INFO  11:04:44 Get BillingAmount by Id accessed
INFO  11:21:51 Get BillingAmount by Id accessed
INFO  12:52:02 Application started. Press Ctrl+C to shut down.
INFO  12:52:02 Application started. Press Ctrl+C to shut down.
INFO  12:52:02 Hosting environment: Development
INFO  12:52:02 Hosting environment: Development
INFO  12:52:02 Content root path: C:\Users\deepa\Desktop\New folder\ClaimAuthService
INFO  12:52:02 Content root path: C:\Users\deepa\Desktop\New folder\ClaimAuthService
INFO  12:55:04 Get BillingAmount by Id accessed
INFO  09:31:31 Application started. Press Ctrl+C to shut down.
INFO  09:31:31 Application started. Press Ctrl+C to shut down.
INFO  09:31:31 Hosting environment: Development
INFO  09:31:31 Hosting environment: Development
INFO  09:31:31 Content root path: C:\Users\deepa\Desktop\New folder\ClaimAuthService
INFO  09:31:31 Content root path: C:\Users\deepa\Desktop\New folder\ClaimAuthService
INFO  09:34:10 Application started. Press Ctrl+C to shut down.
INFO  09:34:10 Application started. Press Ctrl+C to shut down.
INFO  09:34:10 Hosting environment: Development
INFO  09:34:10 Hosting environment: Development
INFO  09:34:10 Content root path: C:\Users\deepa\Desktop\New folder\ClaimAuthService
INFO  09:34:10 Content root path: C:\Users\deepa\Desktop\New folder\ClaimAuthService
INFO  09:34:49 Get BillingAmount by Id accessed
INFO  09:52:38 Application started. Press Ctrl+C to shut down.
INFO  09:52:38 Application started. Press Ctrl+C to shut down.
INFO  09:52:38 Hosting environment: Development
INFO  09:52:38 Hosting environment: Development
INFO  09:52:38 Content root path: C:\Users\deepa\Desktop\New folder\ClaimAuthService
INFO  09:52:38 Content root path: C:\Users\deepa\Desktop\New folder\ClaimAuthService
INFO  09:52:57 Get BillingAmount by Id accessed
INFO  09:56:08 Application started. Press Ctrl+C to shut down.
INFO  09:56:08 Application started. Press Ctrl+C to shut down.
INFO  09:56:09 Hosting environment: Development
INFO  09:56:09 Hosting environment: Development
INFO  09:56:09 Content root path: C:\Users\deepa\Desktop\New folder\ClaimAuthService
INFO  09:56:09 Content root path: C:\Users\deepa\Desktop\New folder\ClaimAuthService
INFO  09:56:46 Get BillingAmount by Id accessed
